[debug] [2023-09-15T14:51:48.294Z] ----------------------------------------------------------------------
[debug] [2023-09-15T14:51:48.295Z] Command:       /Users/Kian.Popat/.nvm/versions/node/v18.16.0/bin/node /Users/Kian.Popat/.nvm/versions/node/v18.16.0/bin/firebase deploy --only functions
[debug] [2023-09-15T14:51:48.295Z] CLI Version:   12.4.0
[debug] [2023-09-15T14:51:48.296Z] Platform:      darwin
[debug] [2023-09-15T14:51:48.296Z] Node Version:  v18.16.0
[debug] [2023-09-15T14:51:48.298Z] Time:          Fri Sep 15 2023 15:51:48 GMT+0100 (British Summer Time)
[debug] [2023-09-15T14:51:48.298Z] ----------------------------------------------------------------------
[debug] 
[debug] [2023-09-15T14:51:48.332Z] > command requires scopes: ["email","openid","https://www.googleapis.com/auth/cloudplatformprojects.readonly","https://www.googleapis.com/auth/firebase","https://www.googleapis.com/auth/cloud-platform"]
[debug] [2023-09-15T14:51:48.332Z] > authorizing via signed-in user (kian.popat@gmail.com)
[debug] [2023-09-15T14:51:48.332Z] [iam] checking project rngains-b9c68 for permissions ["cloudfunctions.functions.create","cloudfunctions.functions.delete","cloudfunctions.functions.get","cloudfunctions.functions.list","cloudfunctions.functions.update","cloudfunctions.operations.get","firebase.projects.get"]
[debug] [2023-09-15T14:51:48.333Z] >>> [apiv2][query] POST https://cloudresourcemanager.googleapis.com/v1/projects/rngains-b9c68:testIamPermissions [none]
[debug] [2023-09-15T14:51:48.333Z] >>> [apiv2][(partial)header] POST https://cloudresourcemanager.googleapis.com/v1/projects/rngains-b9c68:testIamPermissions x-goog-quota-user=projects/rngains-b9c68
[debug] [2023-09-15T14:51:48.334Z] >>> [apiv2][body] POST https://cloudresourcemanager.googleapis.com/v1/projects/rngains-b9c68:testIamPermissions {"permissions":["cloudfunctions.functions.create","cloudfunctions.functions.delete","cloudfunctions.functions.get","cloudfunctions.functions.list","cloudfunctions.functions.update","cloudfunctions.operations.get","firebase.projects.get"]}
[debug] [2023-09-15T14:51:48.995Z] <<< [apiv2][status] POST https://cloudresourcemanager.googleapis.com/v1/projects/rngains-b9c68:testIamPermissions 200
[debug] [2023-09-15T14:51:48.995Z] <<< [apiv2][body] POST https://cloudresourcemanager.googleapis.com/v1/projects/rngains-b9c68:testIamPermissions {"permissions":["cloudfunctions.functions.create","cloudfunctions.functions.delete","cloudfunctions.functions.get","cloudfunctions.functions.list","cloudfunctions.functions.update","cloudfunctions.operations.get","firebase.projects.get"]}
[debug] [2023-09-15T14:51:48.996Z] >>> [apiv2][query] POST https://iam.googleapis.com/v1/projects/rngains-b9c68/serviceAccounts/rngains-b9c68@appspot.gserviceaccount.com:testIamPermissions [none]
[debug] [2023-09-15T14:51:48.996Z] >>> [apiv2][body] POST https://iam.googleapis.com/v1/projects/rngains-b9c68/serviceAccounts/rngains-b9c68@appspot.gserviceaccount.com:testIamPermissions {"permissions":["iam.serviceAccounts.actAs"]}
[debug] [2023-09-15T14:51:49.234Z] <<< [apiv2][status] POST https://iam.googleapis.com/v1/projects/rngains-b9c68/serviceAccounts/rngains-b9c68@appspot.gserviceaccount.com:testIamPermissions 404
[debug] [2023-09-15T14:51:49.235Z] <<< [apiv2][body] POST https://iam.googleapis.com/v1/projects/rngains-b9c68/serviceAccounts/rngains-b9c68@appspot.gserviceaccount.com:testIamPermissions {"error":{"code":404,"message":"Unknown service account","status":"NOT_FOUND"}}
[debug] [2023-09-15T14:51:49.235Z] [functions] service account IAM check errored, deploy may fail: HTTP Error: 404, Unknown service account {"name":"FirebaseError","children":[],"context":{"body":{"error":{"code":404,"message":"Unknown service account","status":"NOT_FOUND"}},"response":{"statusCode":404}},"exit":1,"message":"HTTP Error: 404, Unknown service account","status":404}
[info] 
[info] === Deploying to 'rngains-b9c68'...
[info] 
[info] i  deploying functions 
[info] Running command: npm --prefix "$RESOURCE_DIR" run lint
[info] Running command: npm --prefix "$RESOURCE_DIR" run build
[info] ✔  functions: Finished running predeploy script. 
[debug] [2023-09-15T14:51:56.158Z] >>> [apiv2][query] GET https://firebase.googleapis.com/v1beta1/projects/rngains-b9c68 [none]
[debug] [2023-09-15T14:51:56.411Z] <<< [apiv2][status] GET https://firebase.googleapis.com/v1beta1/projects/rngains-b9c68 200
[debug] [2023-09-15T14:51:56.411Z] <<< [apiv2][body] GET https://firebase.googleapis.com/v1beta1/projects/rngains-b9c68 {"projectId":"rngains-b9c68","projectNumber":"245808263508","displayName":"RNGains","name":"projects/rngains-b9c68","resources":{"hostingSite":"rngains-b9c68"},"state":"ACTIVE","etag":"1_014924d7-36c2-415a-a6f0-6e9b114de469"}
[info] i  functions: preparing codebase default for deployment 
[info] i  functions: ensuring required API cloudfunctions.googleapis.com is enabled... 
[info] i  functions: ensuring required API cloudbuild.googleapis.com is enabled... 
[info] i  artifactregistry: ensuring required API artifactregistry.googleapis.com is enabled... 
[debug] [2023-09-15T14:51:56.413Z] >>> [apiv2][query] GET https://serviceusage.googleapis.com/v1/projects/rngains-b9c68/services/cloudfunctions.googleapis.com [none]
[debug] [2023-09-15T14:51:56.413Z] >>> [apiv2][(partial)header] GET https://serviceusage.googleapis.com/v1/projects/rngains-b9c68/services/cloudfunctions.googleapis.com x-goog-quota-user=projects/rngains-b9c68
[debug] [2023-09-15T14:51:56.414Z] >>> [apiv2][query] GET https://serviceusage.googleapis.com/v1/projects/rngains-b9c68/services/runtimeconfig.googleapis.com [none]
[debug] [2023-09-15T14:51:56.414Z] >>> [apiv2][(partial)header] GET https://serviceusage.googleapis.com/v1/projects/rngains-b9c68/services/runtimeconfig.googleapis.com x-goog-quota-user=projects/rngains-b9c68
[debug] [2023-09-15T14:51:56.415Z] >>> [apiv2][query] GET https://serviceusage.googleapis.com/v1/projects/rngains-b9c68/services/cloudbuild.googleapis.com [none]
[debug] [2023-09-15T14:51:56.415Z] >>> [apiv2][(partial)header] GET https://serviceusage.googleapis.com/v1/projects/rngains-b9c68/services/cloudbuild.googleapis.com x-goog-quota-user=projects/rngains-b9c68
[debug] [2023-09-15T14:51:56.416Z] >>> [apiv2][query] GET https://serviceusage.googleapis.com/v1/projects/rngains-b9c68/services/artifactregistry.googleapis.com [none]
[debug] [2023-09-15T14:51:56.416Z] >>> [apiv2][(partial)header] GET https://serviceusage.googleapis.com/v1/projects/rngains-b9c68/services/artifactregistry.googleapis.com x-goog-quota-user=projects/rngains-b9c68
[debug] [2023-09-15T14:51:57.299Z] <<< [apiv2][status] GET https://serviceusage.googleapis.com/v1/projects/rngains-b9c68/services/runtimeconfig.googleapis.com 200
[debug] [2023-09-15T14:51:57.299Z] <<< [apiv2][body] GET https://serviceusage.googleapis.com/v1/projects/rngains-b9c68/services/runtimeconfig.googleapis.com [omitted]
[debug] [2023-09-15T14:51:57.300Z] <<< [apiv2][status] GET https://serviceusage.googleapis.com/v1/projects/rngains-b9c68/services/artifactregistry.googleapis.com 200
[debug] [2023-09-15T14:51:57.300Z] <<< [apiv2][body] GET https://serviceusage.googleapis.com/v1/projects/rngains-b9c68/services/artifactregistry.googleapis.com [omitted]
[info] ✔  artifactregistry: required API artifactregistry.googleapis.com is enabled 
[debug] [2023-09-15T14:51:57.310Z] <<< [apiv2][status] GET https://serviceusage.googleapis.com/v1/projects/rngains-b9c68/services/cloudbuild.googleapis.com 200
[debug] [2023-09-15T14:51:57.310Z] <<< [apiv2][body] GET https://serviceusage.googleapis.com/v1/projects/rngains-b9c68/services/cloudbuild.googleapis.com [omitted]
[info] ✔  functions: required API cloudbuild.googleapis.com is enabled 
[debug] [2023-09-15T14:51:57.337Z] <<< [apiv2][status] GET https://serviceusage.googleapis.com/v1/projects/rngains-b9c68/services/cloudfunctions.googleapis.com 200
[debug] [2023-09-15T14:51:57.337Z] <<< [apiv2][body] GET https://serviceusage.googleapis.com/v1/projects/rngains-b9c68/services/cloudfunctions.googleapis.com [omitted]
[info] ✔  functions: required API cloudfunctions.googleapis.com is enabled 
[debug] [2023-09-15T14:51:57.337Z] >>> [apiv2][query] GET https://firebase.googleapis.com/v1beta1/projects/rngains-b9c68/adminSdkConfig [none]
[debug] [2023-09-15T14:51:57.581Z] <<< [apiv2][status] GET https://firebase.googleapis.com/v1beta1/projects/rngains-b9c68/adminSdkConfig 200
[debug] [2023-09-15T14:51:57.581Z] <<< [apiv2][body] GET https://firebase.googleapis.com/v1beta1/projects/rngains-b9c68/adminSdkConfig {"projectId":"rngains-b9c68","storageBucket":"rngains-b9c68.appspot.com"}
[debug] [2023-09-15T14:51:57.581Z] >>> [apiv2][query] GET https://runtimeconfig.googleapis.com/v1beta1/projects/rngains-b9c68/configs [none]
[debug] [2023-09-15T14:51:57.854Z] <<< [apiv2][status] GET https://runtimeconfig.googleapis.com/v1beta1/projects/rngains-b9c68/configs 200
[debug] [2023-09-15T14:51:57.854Z] <<< [apiv2][body] GET https://runtimeconfig.googleapis.com/v1beta1/projects/rngains-b9c68/configs {}
[debug] [2023-09-15T14:51:57.855Z] Validating nodejs source
[debug] [2023-09-15T14:51:58.560Z] > [functions] package.json contents: {
  "name": "functions",
  "scripts": {
    "lint": "eslint --ext .js,.ts .",
    "build": "tsc",
    "build:watch": "tsc --watch",
    "serve": "npm run build && firebase emulators:start --only functions",
    "shell": "npm run build && firebase functions:shell",
    "start": "npm run shell",
    "deploy": "firebase deploy --only functions",
    "logs": "firebase functions:log"
  },
  "engines": {
    "node": "18"
  },
  "main": "lib/index.js",
  "dependencies": {
    "firebase-admin": "^11.8.0",
    "firebase-functions": "^4.3.1"
  },
  "devDependencies": {
    "@typescript-eslint/eslint-plugin": "^5.12.0",
    "@typescript-eslint/parser": "^5.12.0",
    "eslint": "^8.9.0",
    "eslint-config-google": "^0.14.0",
    "eslint-plugin-import": "^2.25.4",
    "firebase-functions-test": "^3.1.0",
    "typescript": "^5.2.2"
  },
  "private": true
}
[debug] [2023-09-15T14:51:58.560Z] Building nodejs source
[debug] [2023-09-15T14:51:58.560Z] Could not find functions.yaml. Must use http discovery
[debug] [2023-09-15T14:51:58.565Z] Found firebase-functions binary at '/Users/Kian.Popat/Documents/ReactNative/RNGains/functions/node_modules/.bin/firebase-functions'
[debug] [2023-09-15T14:51:58.937Z] Serving at port 8043

[debug] [2023-09-15T14:51:59.290Z] Got response from /__/functions.yaml {"endpoints":{"sendFriendRequestNotification":{"platform":"gcfv1","availableMemoryMb":null,"timeoutSeconds":null,"minInstances":null,"maxInstances":null,"ingressSettings":null,"serviceAccountEmail":null,"vpc":null,"eventTrigger":{"eventType":"providers/cloud.firestore/eventTypes/document.create","eventFilters":{"resource":"projects/rngains-b9c68/databases/(default)/documents/users/{userID}/friends/{friendID}"},"retry":false},"labels":{},"entryPoint":"sendFriendRequestNotification"}},"specVersion":"v1alpha1","requiredAPIs":[]}
[debug] [2023-09-15T14:51:59.294Z] shutdown requested via /__/quitquitquit

[info] i  functions: preparing functions directory for uploading... 
[info] i  functions: packaged /Users/Kian.Popat/Documents/ReactNative/RNGains/functions (33.59 MB) for uploading 
[debug] [2023-09-15T14:52:00.436Z] >>> [apiv2][query] GET https://cloudfunctions.googleapis.com/v1/projects/rngains-b9c68/locations/-/functions [none]
[debug] [2023-09-15T14:52:00.969Z] <<< [apiv2][status] GET https://cloudfunctions.googleapis.com/v1/projects/rngains-b9c68/locations/-/functions 200
[debug] [2023-09-15T14:52:00.969Z] <<< [apiv2][body] GET https://cloudfunctions.googleapis.com/v1/projects/rngains-b9c68/locations/-/functions {"functions":[{"name":"projects/rngains-b9c68/locations/europe-west2/functions/ext-firestore-algolia-search-executeFullIndexOperation","description":"Loads all the data from your FireStore database into Algolia","sourceArchiveUrl":"gs://firebase-mod-sources-prod/a518d4a475f31f703213895748ce5bbcc5223f725c29c8f910a59c7d45956431","httpsTrigger":{"url":"https://europe-west2-rngains-b9c68.cloudfunctions.net/ext-firestore-algolia-search-executeFullIndexOperation","securityLevel":"SECURE_OPTIONAL"},"status":"ACTIVE","entryPoint":"executeFullIndexOperation","timeout":"540s","availableMemoryMb":1024,"serviceAccountEmail":"ext-firestore-algolia-search@rngains-b9c68.iam.gserviceaccount.com","updateTime":"2023-07-17T16:06:19.410Z","versionId":"2","labels":{"firebase-extensions-ar":"enabled","goog-dm":"firebase-ext-firestore-algolia-search","goog-firebase-ext":"firestore-algolia-search","deployment-tool":"firebase-extensions","goog-firebase-ext-iid":"firestore-algolia-search"},"environmentVariables":{"ALGOLIA_APP_ID":"KY58WR8FMC","ALGOLIA_INDEX_NAME":"dev_RNGains","COLLECTION_PATH":"users","DATABASE_INSTANCE":"","DATABASE_URL":"","DO_FULL_INDEXING":"true","EXT_INSTANCE_ID":"firestore-algolia-search","FIELDS":"displayName","FIREBASE_CONFIG":"{\"projectId\":\"rngains-b9c68\",\"databaseURL\":\"\",\"storageBucket\":\"rngains-b9c68.appspot.com\"}","FORCE_DATA_SYNC":"no","GCLOUD_PROJECT":"rngains-b9c68","LOCATION":"europe-west2","PROJECT_ID":"rngains-b9c68","STORAGE_BUCKET":"rngains-b9c68.appspot.com"},"runtime":"nodejs16","maxInstances":3000,"ingressSettings":"ALLOW_ALL","buildId":"ff49c43d-05ef-438e-aa62-c905fbf8cac7","buildEnvironmentVariables":{"GOOGLE_NODE_RUN_SCRIPTS":""},"secretEnvironmentVariables":[{"key":"ALGOLIA_API_KEY","projectId":"245808263508","secret":"firestore-algolia-search-ALGOLIA_API_KEY-ly4r","version":"1"}],"buildName":"projects/245808263508/locations/europe-west2/builds/ff49c43d-05ef-438e-aa62-c905fbf8cac7","dockerRegistry":"ARTIFACT_REGISTRY"},{"name":"projects/rngains-b9c68/locations/europe-west2/functions/ext-firestore-algolia-search-executeIndexOperation","description":"Firestore document-triggered function that creates, updates, or deletes data in Algolia.","sourceArchiveUrl":"gs://firebase-mod-sources-prod/a518d4a475f31f703213895748ce5bbcc5223f725c29c8f910a59c7d45956431","eventTrigger":{"eventType":"providers/cloud.firestore/eventTypes/document.write","resource":"projects/rngains-b9c68/databases/(default)/documents/users/{documentID}","service":"firestore.googleapis.com","failurePolicy":{}},"status":"ACTIVE","entryPoint":"executeIndexOperation","timeout":"60s","availableMemoryMb":256,"serviceAccountEmail":"ext-firestore-algolia-search@rngains-b9c68.iam.gserviceaccount.com","updateTime":"2023-07-17T16:06:17.857Z","versionId":"2","labels":{"firebase-extensions-ar":"enabled","goog-dm":"firebase-ext-firestore-algolia-search","goog-firebase-ext":"firestore-algolia-search","deployment-tool":"firebase-extensions","goog-firebase-ext-iid":"firestore-algolia-search"},"environmentVariables":{"ALGOLIA_APP_ID":"KY58WR8FMC","ALGOLIA_INDEX_NAME":"dev_RNGains","COLLECTION_PATH":"users","DATABASE_INSTANCE":"","DATABASE_URL":"","DO_FULL_INDEXING":"true","EXT_INSTANCE_ID":"firestore-algolia-search","FIELDS":"displayName","FIREBASE_CONFIG":"{\"projectId\":\"rngains-b9c68\",\"databaseURL\":\"\",\"storageBucket\":\"rngains-b9c68.appspot.com\"}","FORCE_DATA_SYNC":"no","GCLOUD_PROJECT":"rngains-b9c68","LOCATION":"europe-west2","PROJECT_ID":"rngains-b9c68","STORAGE_BUCKET":"rngains-b9c68.appspot.com"},"runtime":"nodejs16","maxInstances":3000,"ingressSettings":"ALLOW_INTERNAL_ONLY","buildId":"e134a73a-544a-4441-bdf2-2fa92ea5bec2","buildEnvironmentVariables":{"GOOGLE_NODE_RUN_SCRIPTS":""},"secretEnvironmentVariables":[{"key":"ALGOLIA_API_KEY","projectId":"245808263508","secret":"firestore-algolia-search-ALGOLIA_API_KEY-ly4r","version":"1"}],"buildName":"projects/245808263508/locations/europe-west2/builds/e134a73a-544a-4441-bdf2-2fa92ea5bec2","dockerRegistry":"ARTIFACT_REGISTRY"}]}
[debug] [2023-09-15T14:52:00.970Z] >>> [apiv2][query] GET https://cloudfunctions.googleapis.com/v2/projects/rngains-b9c68/locations/-/functions filter=environment%3D%22GEN_2%22
[debug] [2023-09-15T14:52:01.940Z] <<< [apiv2][status] GET https://cloudfunctions.googleapis.com/v2/projects/rngains-b9c68/locations/-/functions 200
[debug] [2023-09-15T14:52:01.940Z] <<< [apiv2][body] GET https://cloudfunctions.googleapis.com/v2/projects/rngains-b9c68/locations/-/functions {}
[debug] [2023-09-15T14:52:01.948Z] >>> [apiv2][query] GET https://firebase.googleapis.com/v1beta1/projects/rngains-b9c68 [none]
[debug] [2023-09-15T14:52:02.269Z] <<< [apiv2][status] GET https://firebase.googleapis.com/v1beta1/projects/rngains-b9c68 200
[debug] [2023-09-15T14:52:02.269Z] <<< [apiv2][body] GET https://firebase.googleapis.com/v1beta1/projects/rngains-b9c68 {"projectId":"rngains-b9c68","projectNumber":"245808263508","displayName":"RNGains","name":"projects/rngains-b9c68","resources":{"hostingSite":"rngains-b9c68"},"state":"ACTIVE","etag":"1_014924d7-36c2-415a-a6f0-6e9b114de469"}
[debug] [2023-09-15T14:52:02.270Z] >>> [apiv2][query] POST https://cloudfunctions.googleapis.com/v1/projects/rngains-b9c68/locations/us-central1/functions:generateUploadUrl [none]
[debug] [2023-09-15T14:52:02.270Z] >>> [apiv2][body] POST https://cloudfunctions.googleapis.com/v1/projects/rngains-b9c68/locations/us-central1/functions:generateUploadUrl {}
[debug] [2023-09-15T14:52:02.783Z] <<< [apiv2][status] POST https://cloudfunctions.googleapis.com/v1/projects/rngains-b9c68/locations/us-central1/functions:generateUploadUrl 200
[debug] [2023-09-15T14:52:02.783Z] <<< [apiv2][body] POST https://cloudfunctions.googleapis.com/v1/projects/rngains-b9c68/locations/us-central1/functions:generateUploadUrl {"uploadUrl":"https://storage.googleapis.com/uploads-870798241814.us-central1.cloudfunctions.appspot.com/7b9bd5dd-d0a3-463b-8d71-8048fd496309.zip?GoogleAccessId=service-245808263508@gcf-admin-robot.iam.gserviceaccount.com&Expires=1694791322&Signature=Ju7H%2FSq0o1PLeMExuoXtUpNFX%2Fd7F34mnrtnUIOIBqm7hzU1qeAKBe5zrb%2Fe9gYha3LG94J0ZRkIWCp8Dfti59GFNxVvhlNBqfpWA53RWRc67kc3d2eVg4sWOWdLA6FD9QjnUBswhG%2FXTxuk2ArZJZdfhwyC6PAD%2F3iHeh2RLdGvf8hP7Y2gLs6s0VjBuDkyE%2BBqMiTNlCVsSCfrOCcLEYcBZnalSzEaWnxLMlvkjkZLcoTaUp59zltwbE3VDYWa7yICJuyla%2Flptj4C%2FnlLAbPB7w0a3N52ohVIoQ8x09JliZP7nFs2mvvS17G6cX%2B6XmYhBGx%2B%2FlPpPKCoOppZaw%3D%3D"}
[debug] [2023-09-15T14:52:02.784Z] >>> [apiv2][query] PUT https://storage.googleapis.com/uploads-870798241814.us-central1.cloudfunctions.appspot.com/7b9bd5dd-d0a3-463b-8d71-8048fd496309.zip GoogleAccessId=service-245808263508%40gcf-admin-robot.iam.gserviceaccount.com&Expires=1694791322&Signature=Ju7H%2FSq0o1PLeMExuoXtUpNFX%2Fd7F34mnrtnUIOIBqm7hzU1qeAKBe5zrb%2Fe9gYha3LG94J0ZRkIWCp8Dfti59GFNxVvhlNBqfpWA53RWRc67kc3d2eVg4sWOWdLA6FD9QjnUBswhG%2FXTxuk2ArZJZdfhwyC6PAD%2F3iHeh2RLdGvf8hP7Y2gLs6s0VjBuDkyE%2BBqMiTNlCVsSCfrOCcLEYcBZnalSzEaWnxLMlvkjkZLcoTaUp59zltwbE3VDYWa7yICJuyla%2Flptj4C%2FnlLAbPB7w0a3N52ohVIoQ8x09JliZP7nFs2mvvS17G6cX%2B6XmYhBGx%2B%2FlPpPKCoOppZaw%3D%3D
[debug] [2023-09-15T14:52:02.784Z] >>> [apiv2][body] PUT https://storage.googleapis.com/uploads-870798241814.us-central1.cloudfunctions.appspot.com/7b9bd5dd-d0a3-463b-8d71-8048fd496309.zip [stream]
[debug] [2023-09-15T14:52:25.705Z] <<< [apiv2][status] PUT https://storage.googleapis.com/uploads-870798241814.us-central1.cloudfunctions.appspot.com/7b9bd5dd-d0a3-463b-8d71-8048fd496309.zip 200
[debug] [2023-09-15T14:52:25.706Z] <<< [apiv2][body] PUT https://storage.googleapis.com/uploads-870798241814.us-central1.cloudfunctions.appspot.com/7b9bd5dd-d0a3-463b-8d71-8048fd496309.zip [omitted]
[info] ✔  functions: functions folder uploaded successfully 
[info] i  functions: creating Node.js 18 (1st Gen) function sendFriendRequestNotification(us-central1)... 
[debug] [2023-09-15T14:52:25.721Z] >>> [apiv2][query] POST https://cloudfunctions.googleapis.com/v1/projects/rngains-b9c68/locations/us-central1/functions [none]
[debug] [2023-09-15T14:52:25.721Z] >>> [apiv2][body] POST https://cloudfunctions.googleapis.com/v1/projects/rngains-b9c68/locations/us-central1/functions {"name":"projects/rngains-b9c68/locations/us-central1/functions/sendFriendRequestNotification","sourceUploadUrl":"https://storage.googleapis.com/uploads-870798241814.us-central1.cloudfunctions.appspot.com/7b9bd5dd-d0a3-463b-8d71-8048fd496309.zip?GoogleAccessId=service-245808263508@gcf-admin-robot.iam.gserviceaccount.com&Expires=1694791322&Signature=Ju7H%2FSq0o1PLeMExuoXtUpNFX%2Fd7F34mnrtnUIOIBqm7hzU1qeAKBe5zrb%2Fe9gYha3LG94J0ZRkIWCp8Dfti59GFNxVvhlNBqfpWA53RWRc67kc3d2eVg4sWOWdLA6FD9QjnUBswhG%2FXTxuk2ArZJZdfhwyC6PAD%2F3iHeh2RLdGvf8hP7Y2gLs6s0VjBuDkyE%2BBqMiTNlCVsSCfrOCcLEYcBZnalSzEaWnxLMlvkjkZLcoTaUp59zltwbE3VDYWa7yICJuyla%2Flptj4C%2FnlLAbPB7w0a3N52ohVIoQ8x09JliZP7nFs2mvvS17G6cX%2B6XmYhBGx%2B%2FlPpPKCoOppZaw%3D%3D","entryPoint":"sendFriendRequestNotification","runtime":"nodejs18","dockerRegistry":"ARTIFACT_REGISTRY","labels":{"deployment-tool":"cli-firebase","firebase-functions-hash":"2b94533a88f769657dee74aebc6132e4c2a25486"},"eventTrigger":{"eventType":"providers/cloud.firestore/eventTypes/document.create","resource":"projects/rngains-b9c68/databases/(default)/documents/users/{userID}/friends/{friendID}"},"minInstances":null,"maxInstances":null,"ingressSettings":null,"environmentVariables":{"FIREBASE_CONFIG":"{\"projectId\":\"rngains-b9c68\",\"storageBucket\":\"rngains-b9c68.appspot.com\"}","GCLOUD_PROJECT":"rngains-b9c68","EVENTARC_CLOUD_EVENT_SOURCE":"projects/rngains-b9c68/locations/us-central1/functions/sendFriendRequestNotification"},"serviceAccountEmail":null,"availableMemoryMb":null,"timeout":null,"vpcConnector":null,"vpcConnectorEgressSettings":null,"buildEnvironmentVariables":{"GOOGLE_NODE_RUN_SCRIPTS":""}}
[debug] [2023-09-15T14:52:27.349Z] <<< [apiv2][status] POST https://cloudfunctions.googleapis.com/v1/projects/rngains-b9c68/locations/us-central1/functions 200
[debug] [2023-09-15T14:52:27.349Z] <<< [apiv2][body] POST https://cloudfunctions.googleapis.com/v1/projects/rngains-b9c68/locations/us-central1/functions {"name":"operations/cm5nYWlucy1iOWM2OC91cy1jZW50cmFsMS9zZW5kRnJpZW5kUmVxdWVzdE5vdGlmaWNhdGlvbi9fSVpwb1gzX1dXMA","metadata":{"@type":"type.googleapis.com/google.cloud.functions.v1.OperationMetadataV1","target":"projects/rngains-b9c68/locations/us-central1/functions/sendFriendRequestNotification","type":"CREATE_FUNCTION","request":{"@type":"type.googleapis.com/google.cloud.functions.v1.CloudFunction","name":"projects/rngains-b9c68/locations/us-central1/functions/sendFriendRequestNotification","eventTrigger":{"eventType":"providers/cloud.firestore/eventTypes/document.create","resource":"projects/rngains-b9c68/databases/(default)/documents/users/{userID}/friends/{friendID}"},"entryPoint":"sendFriendRequestNotification","labels":{"deployment-tool":"cli-firebase","firebase-functions-hash":"2b94533a88f769657dee74aebc6132e4c2a25486"},"sourceUploadUrl":"https://storage.googleapis.com/uploads-870798241814.us-central1.cloudfunctions.appspot.com/7b9bd5dd-d0a3-463b-8d71-8048fd496309.zip?GoogleAccessId=service-245808263508@gcf-admin-robot.iam.gserviceaccount.com&Expires=1694791322&Signature=Ju7H%2FSq0o1PLeMExuoXtUpNFX%2Fd7F34mnrtnUIOIBqm7hzU1qeAKBe5zrb%2Fe9gYha3LG94J0ZRkIWCp8Dfti59GFNxVvhlNBqfpWA53RWRc67kc3d2eVg4sWOWdLA6FD9QjnUBswhG%2FXTxuk2ArZJZdfhwyC6PAD%2F3iHeh2RLdGvf8hP7Y2gLs6s0VjBuDkyE%2BBqMiTNlCVsSCfrOCcLEYcBZnalSzEaWnxLMlvkjkZLcoTaUp59zltwbE3VDYWa7yICJuyla%2Flptj4C%2FnlLAbPB7w0a3N52ohVIoQ8x09JliZP7nFs2mvvS17G6cX%2B6XmYhBGx%2B%2FlPpPKCoOppZaw%3D%3D","environmentVariables":{"FIREBASE_CONFIG":"{\"projectId\":\"rngains-b9c68\",\"storageBucket\":\"rngains-b9c68.appspot.com\"}","GCLOUD_PROJECT":"rngains-b9c68","EVENTARC_CLOUD_EVENT_SOURCE":"projects/rngains-b9c68/locations/us-central1/functions/sendFriendRequestNotification"},"runtime":"nodejs18","buildEnvironmentVariables":{"GOOGLE_NODE_RUN_SCRIPTS":""},"dockerRegistry":"ARTIFACT_REGISTRY"},"versionId":"1","updateTime":"2023-09-15T14:52:27Z"}}
[debug] [2023-09-15T14:52:27.351Z] >>> [apiv2][query] GET https://cloudfunctions.googleapis.com/v1/operations/cm5nYWlucy1iOWM2OC91cy1jZW50cmFsMS9zZW5kRnJpZW5kUmVxdWVzdE5vdGlmaWNhdGlvbi9fSVpwb1gzX1dXMA [none]
[debug] [2023-09-15T14:52:27.580Z] <<< [apiv2][status] GET https://cloudfunctions.googleapis.com/v1/operations/cm5nYWlucy1iOWM2OC91cy1jZW50cmFsMS9zZW5kRnJpZW5kUmVxdWVzdE5vdGlmaWNhdGlvbi9fSVpwb1gzX1dXMA 200
[debug] [2023-09-15T14:52:27.581Z] <<< [apiv2][body] GET https://cloudfunctions.googleapis.com/v1/operations/cm5nYWlucy1iOWM2OC91cy1jZW50cmFsMS9zZW5kRnJpZW5kUmVxdWVzdE5vdGlmaWNhdGlvbi9fSVpwb1gzX1dXMA {"name":"operations/cm5nYWlucy1iOWM2OC91cy1jZW50cmFsMS9zZW5kRnJpZW5kUmVxdWVzdE5vdGlmaWNhdGlvbi9fSVpwb1gzX1dXMA","metadata":{"@type":"type.googleapis.com/google.cloud.functions.v1.OperationMetadataV1","target":"projects/rngains-b9c68/locations/us-central1/functions/sendFriendRequestNotification","type":"CREATE_FUNCTION","request":{"@type":"type.googleapis.com/google.cloud.functions.v1.CloudFunction","name":"projects/rngains-b9c68/locations/us-central1/functions/sendFriendRequestNotification","eventTrigger":{"eventType":"providers/cloud.firestore/eventTypes/document.create","resource":"projects/rngains-b9c68/databases/(default)/documents/users/{userID}/friends/{friendID}"},"entryPoint":"sendFriendRequestNotification","labels":{"deployment-tool":"cli-firebase","firebase-functions-hash":"2b94533a88f769657dee74aebc6132e4c2a25486"},"sourceUploadUrl":"https://storage.googleapis.com/uploads-870798241814.us-central1.cloudfunctions.appspot.com/7b9bd5dd-d0a3-463b-8d71-8048fd496309.zip?GoogleAccessId=service-245808263508@gcf-admin-robot.iam.gserviceaccount.com&Expires=1694791322&Signature=Ju7H%2FSq0o1PLeMExuoXtUpNFX%2Fd7F34mnrtnUIOIBqm7hzU1qeAKBe5zrb%2Fe9gYha3LG94J0ZRkIWCp8Dfti59GFNxVvhlNBqfpWA53RWRc67kc3d2eVg4sWOWdLA6FD9QjnUBswhG%2FXTxuk2ArZJZdfhwyC6PAD%2F3iHeh2RLdGvf8hP7Y2gLs6s0VjBuDkyE%2BBqMiTNlCVsSCfrOCcLEYcBZnalSzEaWnxLMlvkjkZLcoTaUp59zltwbE3VDYWa7yICJuyla%2Flptj4C%2FnlLAbPB7w0a3N52ohVIoQ8x09JliZP7nFs2mvvS17G6cX%2B6XmYhBGx%2B%2FlPpPKCoOppZaw%3D%3D","environmentVariables":{"FIREBASE_CONFIG":"{\"projectId\":\"rngains-b9c68\",\"storageBucket\":\"rngains-b9c68.appspot.com\"}","GCLOUD_PROJECT":"rngains-b9c68","EVENTARC_CLOUD_EVENT_SOURCE":"projects/rngains-b9c68/locations/us-central1/functions/sendFriendRequestNotification"},"runtime":"nodejs18","buildEnvironmentVariables":{"GOOGLE_NODE_RUN_SCRIPTS":""},"dockerRegistry":"ARTIFACT_REGISTRY"},"versionId":"1","updateTime":"2023-09-15T14:52:27Z"}}
[debug] [2023-09-15T14:52:28.084Z] [create-default-us-central1-sendFriendRequestNotification] Retrying task index 0
[debug] [2023-09-15T14:52:28.085Z] >>> [apiv2][query] GET https://cloudfunctions.googleapis.com/v1/operations/cm5nYWlucy1iOWM2OC91cy1jZW50cmFsMS9zZW5kRnJpZW5kUmVxdWVzdE5vdGlmaWNhdGlvbi9fSVpwb1gzX1dXMA [none]
[debug] [2023-09-15T14:52:28.313Z] <<< [apiv2][status] GET https://cloudfunctions.googleapis.com/v1/operations/cm5nYWlucy1iOWM2OC91cy1jZW50cmFsMS9zZW5kRnJpZW5kUmVxdWVzdE5vdGlmaWNhdGlvbi9fSVpwb1gzX1dXMA 200
[debug] [2023-09-15T14:52:28.313Z] <<< [apiv2][body] GET https://cloudfunctions.googleapis.com/v1/operations/cm5nYWlucy1iOWM2OC91cy1jZW50cmFsMS9zZW5kRnJpZW5kUmVxdWVzdE5vdGlmaWNhdGlvbi9fSVpwb1gzX1dXMA {"name":"operations/cm5nYWlucy1iOWM2OC91cy1jZW50cmFsMS9zZW5kRnJpZW5kUmVxdWVzdE5vdGlmaWNhdGlvbi9fSVpwb1gzX1dXMA","metadata":{"@type":"type.googleapis.com/google.cloud.functions.v1.OperationMetadataV1","target":"projects/rngains-b9c68/locations/us-central1/functions/sendFriendRequestNotification","type":"CREATE_FUNCTION","request":{"@type":"type.googleapis.com/google.cloud.functions.v1.CloudFunction","name":"projects/rngains-b9c68/locations/us-central1/functions/sendFriendRequestNotification","eventTrigger":{"eventType":"providers/cloud.firestore/eventTypes/document.create","resource":"projects/rngains-b9c68/databases/(default)/documents/users/{userID}/friends/{friendID}"},"entryPoint":"sendFriendRequestNotification","labels":{"deployment-tool":"cli-firebase","firebase-functions-hash":"2b94533a88f769657dee74aebc6132e4c2a25486"},"sourceUploadUrl":"https://storage.googleapis.com/uploads-870798241814.us-central1.cloudfunctions.appspot.com/7b9bd5dd-d0a3-463b-8d71-8048fd496309.zip?GoogleAccessId=service-245808263508@gcf-admin-robot.iam.gserviceaccount.com&Expires=1694791322&Signature=Ju7H%2FSq0o1PLeMExuoXtUpNFX%2Fd7F34mnrtnUIOIBqm7hzU1qeAKBe5zrb%2Fe9gYha3LG94J0ZRkIWCp8Dfti59GFNxVvhlNBqfpWA53RWRc67kc3d2eVg4sWOWdLA6FD9QjnUBswhG%2FXTxuk2ArZJZdfhwyC6PAD%2F3iHeh2RLdGvf8hP7Y2gLs6s0VjBuDkyE%2BBqMiTNlCVsSCfrOCcLEYcBZnalSzEaWnxLMlvkjkZLcoTaUp59zltwbE3VDYWa7yICJuyla%2Flptj4C%2FnlLAbPB7w0a3N52ohVIoQ8x09JliZP7nFs2mvvS17G6cX%2B6XmYhBGx%2B%2FlPpPKCoOppZaw%3D%3D","environmentVariables":{"FIREBASE_CONFIG":"{\"projectId\":\"rngains-b9c68\",\"storageBucket\":\"rngains-b9c68.appspot.com\"}","GCLOUD_PROJECT":"rngains-b9c68","EVENTARC_CLOUD_EVENT_SOURCE":"projects/rngains-b9c68/locations/us-central1/functions/sendFriendRequestNotification"},"runtime":"nodejs18","buildEnvironmentVariables":{"GOOGLE_NODE_RUN_SCRIPTS":""},"dockerRegistry":"ARTIFACT_REGISTRY"},"versionId":"1","updateTime":"2023-09-15T14:52:27Z"}}
[debug] [2023-09-15T14:52:29.314Z] [create-default-us-central1-sendFriendRequestNotification] Retrying task index 0
[debug] [2023-09-15T14:52:29.314Z] >>> [apiv2][query] GET https://cloudfunctions.googleapis.com/v1/operations/cm5nYWlucy1iOWM2OC91cy1jZW50cmFsMS9zZW5kRnJpZW5kUmVxdWVzdE5vdGlmaWNhdGlvbi9fSVpwb1gzX1dXMA [none]
[debug] [2023-09-15T14:52:29.568Z] <<< [apiv2][status] GET https://cloudfunctions.googleapis.com/v1/operations/cm5nYWlucy1iOWM2OC91cy1jZW50cmFsMS9zZW5kRnJpZW5kUmVxdWVzdE5vdGlmaWNhdGlvbi9fSVpwb1gzX1dXMA 200
[debug] [2023-09-15T14:52:29.569Z] <<< [apiv2][body] GET https://cloudfunctions.googleapis.com/v1/operations/cm5nYWlucy1iOWM2OC91cy1jZW50cmFsMS9zZW5kRnJpZW5kUmVxdWVzdE5vdGlmaWNhdGlvbi9fSVpwb1gzX1dXMA {"name":"operations/cm5nYWlucy1iOWM2OC91cy1jZW50cmFsMS9zZW5kRnJpZW5kUmVxdWVzdE5vdGlmaWNhdGlvbi9fSVpwb1gzX1dXMA","metadata":{"@type":"type.googleapis.com/google.cloud.functions.v1.OperationMetadataV1","target":"projects/rngains-b9c68/locations/us-central1/functions/sendFriendRequestNotification","type":"CREATE_FUNCTION","request":{"@type":"type.googleapis.com/google.cloud.functions.v1.CloudFunction","name":"projects/rngains-b9c68/locations/us-central1/functions/sendFriendRequestNotification","eventTrigger":{"eventType":"providers/cloud.firestore/eventTypes/document.create","resource":"projects/rngains-b9c68/databases/(default)/documents/users/{userID}/friends/{friendID}"},"entryPoint":"sendFriendRequestNotification","labels":{"deployment-tool":"cli-firebase","firebase-functions-hash":"2b94533a88f769657dee74aebc6132e4c2a25486"},"sourceUploadUrl":"https://storage.googleapis.com/uploads-870798241814.us-central1.cloudfunctions.appspot.com/7b9bd5dd-d0a3-463b-8d71-8048fd496309.zip?GoogleAccessId=service-245808263508@gcf-admin-robot.iam.gserviceaccount.com&Expires=1694791322&Signature=Ju7H%2FSq0o1PLeMExuoXtUpNFX%2Fd7F34mnrtnUIOIBqm7hzU1qeAKBe5zrb%2Fe9gYha3LG94J0ZRkIWCp8Dfti59GFNxVvhlNBqfpWA53RWRc67kc3d2eVg4sWOWdLA6FD9QjnUBswhG%2FXTxuk2ArZJZdfhwyC6PAD%2F3iHeh2RLdGvf8hP7Y2gLs6s0VjBuDkyE%2BBqMiTNlCVsSCfrOCcLEYcBZnalSzEaWnxLMlvkjkZLcoTaUp59zltwbE3VDYWa7yICJuyla%2Flptj4C%2FnlLAbPB7w0a3N52ohVIoQ8x09JliZP7nFs2mvvS17G6cX%2B6XmYhBGx%2B%2FlPpPKCoOppZaw%3D%3D","environmentVariables":{"FIREBASE_CONFIG":"{\"projectId\":\"rngains-b9c68\",\"storageBucket\":\"rngains-b9c68.appspot.com\"}","GCLOUD_PROJECT":"rngains-b9c68","EVENTARC_CLOUD_EVENT_SOURCE":"projects/rngains-b9c68/locations/us-central1/functions/sendFriendRequestNotification"},"runtime":"nodejs18","buildEnvironmentVariables":{"GOOGLE_NODE_RUN_SCRIPTS":""},"dockerRegistry":"ARTIFACT_REGISTRY"},"versionId":"1","updateTime":"2023-09-15T14:52:27Z"}}
[debug] [2023-09-15T14:52:31.572Z] [create-default-us-central1-sendFriendRequestNotification] Retrying task index 0
[debug] [2023-09-15T14:52:31.573Z] >>> [apiv2][query] GET https://cloudfunctions.googleapis.com/v1/operations/cm5nYWlucy1iOWM2OC91cy1jZW50cmFsMS9zZW5kRnJpZW5kUmVxdWVzdE5vdGlmaWNhdGlvbi9fSVpwb1gzX1dXMA [none]
[debug] [2023-09-15T14:52:31.779Z] <<< [apiv2][status] GET https://cloudfunctions.googleapis.com/v1/operations/cm5nYWlucy1iOWM2OC91cy1jZW50cmFsMS9zZW5kRnJpZW5kUmVxdWVzdE5vdGlmaWNhdGlvbi9fSVpwb1gzX1dXMA 200
[debug] [2023-09-15T14:52:31.780Z] <<< [apiv2][body] GET https://cloudfunctions.googleapis.com/v1/operations/cm5nYWlucy1iOWM2OC91cy1jZW50cmFsMS9zZW5kRnJpZW5kUmVxdWVzdE5vdGlmaWNhdGlvbi9fSVpwb1gzX1dXMA {"name":"operations/cm5nYWlucy1iOWM2OC91cy1jZW50cmFsMS9zZW5kRnJpZW5kUmVxdWVzdE5vdGlmaWNhdGlvbi9fSVpwb1gzX1dXMA","metadata":{"@type":"type.googleapis.com/google.cloud.functions.v1.OperationMetadataV1","target":"projects/rngains-b9c68/locations/us-central1/functions/sendFriendRequestNotification","type":"CREATE_FUNCTION","request":{"@type":"type.googleapis.com/google.cloud.functions.v1.CloudFunction","name":"projects/rngains-b9c68/locations/us-central1/functions/sendFriendRequestNotification","eventTrigger":{"eventType":"providers/cloud.firestore/eventTypes/document.create","resource":"projects/rngains-b9c68/databases/(default)/documents/users/{userID}/friends/{friendID}"},"entryPoint":"sendFriendRequestNotification","labels":{"deployment-tool":"cli-firebase","firebase-functions-hash":"2b94533a88f769657dee74aebc6132e4c2a25486"},"sourceUploadUrl":"https://storage.googleapis.com/uploads-870798241814.us-central1.cloudfunctions.appspot.com/7b9bd5dd-d0a3-463b-8d71-8048fd496309.zip?GoogleAccessId=service-245808263508@gcf-admin-robot.iam.gserviceaccount.com&Expires=1694791322&Signature=Ju7H%2FSq0o1PLeMExuoXtUpNFX%2Fd7F34mnrtnUIOIBqm7hzU1qeAKBe5zrb%2Fe9gYha3LG94J0ZRkIWCp8Dfti59GFNxVvhlNBqfpWA53RWRc67kc3d2eVg4sWOWdLA6FD9QjnUBswhG%2FXTxuk2ArZJZdfhwyC6PAD%2F3iHeh2RLdGvf8hP7Y2gLs6s0VjBuDkyE%2BBqMiTNlCVsSCfrOCcLEYcBZnalSzEaWnxLMlvkjkZLcoTaUp59zltwbE3VDYWa7yICJuyla%2Flptj4C%2FnlLAbPB7w0a3N52ohVIoQ8x09JliZP7nFs2mvvS17G6cX%2B6XmYhBGx%2B%2FlPpPKCoOppZaw%3D%3D","environmentVariables":{"FIREBASE_CONFIG":"{\"projectId\":\"rngains-b9c68\",\"storageBucket\":\"rngains-b9c68.appspot.com\"}","GCLOUD_PROJECT":"rngains-b9c68","EVENTARC_CLOUD_EVENT_SOURCE":"projects/rngains-b9c68/locations/us-central1/functions/sendFriendRequestNotification"},"runtime":"nodejs18","buildEnvironmentVariables":{"GOOGLE_NODE_RUN_SCRIPTS":""},"dockerRegistry":"ARTIFACT_REGISTRY"},"versionId":"1","updateTime":"2023-09-15T14:52:27Z"}}
[debug] [2023-09-15T14:52:35.781Z] [create-default-us-central1-sendFriendRequestNotification] Retrying task index 0
[debug] [2023-09-15T14:52:35.782Z] >>> [apiv2][query] GET https://cloudfunctions.googleapis.com/v1/operations/cm5nYWlucy1iOWM2OC91cy1jZW50cmFsMS9zZW5kRnJpZW5kUmVxdWVzdE5vdGlmaWNhdGlvbi9fSVpwb1gzX1dXMA [none]
[debug] [2023-09-15T14:52:36.005Z] <<< [apiv2][status] GET https://cloudfunctions.googleapis.com/v1/operations/cm5nYWlucy1iOWM2OC91cy1jZW50cmFsMS9zZW5kRnJpZW5kUmVxdWVzdE5vdGlmaWNhdGlvbi9fSVpwb1gzX1dXMA 200
[debug] [2023-09-15T14:52:36.005Z] <<< [apiv2][body] GET https://cloudfunctions.googleapis.com/v1/operations/cm5nYWlucy1iOWM2OC91cy1jZW50cmFsMS9zZW5kRnJpZW5kUmVxdWVzdE5vdGlmaWNhdGlvbi9fSVpwb1gzX1dXMA {"name":"operations/cm5nYWlucy1iOWM2OC91cy1jZW50cmFsMS9zZW5kRnJpZW5kUmVxdWVzdE5vdGlmaWNhdGlvbi9fSVpwb1gzX1dXMA","metadata":{"@type":"type.googleapis.com/google.cloud.functions.v1.OperationMetadataV1","target":"projects/rngains-b9c68/locations/us-central1/functions/sendFriendRequestNotification","type":"CREATE_FUNCTION","request":{"@type":"type.googleapis.com/google.cloud.functions.v1.CloudFunction","name":"projects/rngains-b9c68/locations/us-central1/functions/sendFriendRequestNotification","eventTrigger":{"eventType":"providers/cloud.firestore/eventTypes/document.create","resource":"projects/rngains-b9c68/databases/(default)/documents/users/{userID}/friends/{friendID}"},"entryPoint":"sendFriendRequestNotification","labels":{"deployment-tool":"cli-firebase","firebase-functions-hash":"2b94533a88f769657dee74aebc6132e4c2a25486"},"sourceUploadUrl":"https://storage.googleapis.com/uploads-870798241814.us-central1.cloudfunctions.appspot.com/7b9bd5dd-d0a3-463b-8d71-8048fd496309.zip?GoogleAccessId=service-245808263508@gcf-admin-robot.iam.gserviceaccount.com&Expires=1694791322&Signature=Ju7H%2FSq0o1PLeMExuoXtUpNFX%2Fd7F34mnrtnUIOIBqm7hzU1qeAKBe5zrb%2Fe9gYha3LG94J0ZRkIWCp8Dfti59GFNxVvhlNBqfpWA53RWRc67kc3d2eVg4sWOWdLA6FD9QjnUBswhG%2FXTxuk2ArZJZdfhwyC6PAD%2F3iHeh2RLdGvf8hP7Y2gLs6s0VjBuDkyE%2BBqMiTNlCVsSCfrOCcLEYcBZnalSzEaWnxLMlvkjkZLcoTaUp59zltwbE3VDYWa7yICJuyla%2Flptj4C%2FnlLAbPB7w0a3N52ohVIoQ8x09JliZP7nFs2mvvS17G6cX%2B6XmYhBGx%2B%2FlPpPKCoOppZaw%3D%3D","environmentVariables":{"FIREBASE_CONFIG":"{\"projectId\":\"rngains-b9c68\",\"storageBucket\":\"rngains-b9c68.appspot.com\"}","GCLOUD_PROJECT":"rngains-b9c68","EVENTARC_CLOUD_EVENT_SOURCE":"projects/rngains-b9c68/locations/us-central1/functions/sendFriendRequestNotification"},"runtime":"nodejs18","buildEnvironmentVariables":{"GOOGLE_NODE_RUN_SCRIPTS":""},"dockerRegistry":"ARTIFACT_REGISTRY"},"versionId":"1","updateTime":"2023-09-15T14:52:27Z"}}
[debug] [2023-09-15T14:52:44.006Z] [create-default-us-central1-sendFriendRequestNotification] Retrying task index 0
[debug] [2023-09-15T14:52:44.008Z] >>> [apiv2][query] GET https://cloudfunctions.googleapis.com/v1/operations/cm5nYWlucy1iOWM2OC91cy1jZW50cmFsMS9zZW5kRnJpZW5kUmVxdWVzdE5vdGlmaWNhdGlvbi9fSVpwb1gzX1dXMA [none]
[debug] [2023-09-15T14:52:44.229Z] <<< [apiv2][status] GET https://cloudfunctions.googleapis.com/v1/operations/cm5nYWlucy1iOWM2OC91cy1jZW50cmFsMS9zZW5kRnJpZW5kUmVxdWVzdE5vdGlmaWNhdGlvbi9fSVpwb1gzX1dXMA 200
[debug] [2023-09-15T14:52:44.230Z] <<< [apiv2][body] GET https://cloudfunctions.googleapis.com/v1/operations/cm5nYWlucy1iOWM2OC91cy1jZW50cmFsMS9zZW5kRnJpZW5kUmVxdWVzdE5vdGlmaWNhdGlvbi9fSVpwb1gzX1dXMA {"name":"operations/cm5nYWlucy1iOWM2OC91cy1jZW50cmFsMS9zZW5kRnJpZW5kUmVxdWVzdE5vdGlmaWNhdGlvbi9fSVpwb1gzX1dXMA","metadata":{"@type":"type.googleapis.com/google.cloud.functions.v1.OperationMetadataV1","target":"projects/rngains-b9c68/locations/us-central1/functions/sendFriendRequestNotification","type":"CREATE_FUNCTION","request":{"@type":"type.googleapis.com/google.cloud.functions.v1.CloudFunction","name":"projects/rngains-b9c68/locations/us-central1/functions/sendFriendRequestNotification","eventTrigger":{"eventType":"providers/cloud.firestore/eventTypes/document.create","resource":"projects/rngains-b9c68/databases/(default)/documents/users/{userID}/friends/{friendID}"},"entryPoint":"sendFriendRequestNotification","labels":{"deployment-tool":"cli-firebase","firebase-functions-hash":"2b94533a88f769657dee74aebc6132e4c2a25486"},"sourceUploadUrl":"https://storage.googleapis.com/uploads-870798241814.us-central1.cloudfunctions.appspot.com/7b9bd5dd-d0a3-463b-8d71-8048fd496309.zip?GoogleAccessId=service-245808263508@gcf-admin-robot.iam.gserviceaccount.com&Expires=1694791322&Signature=Ju7H%2FSq0o1PLeMExuoXtUpNFX%2Fd7F34mnrtnUIOIBqm7hzU1qeAKBe5zrb%2Fe9gYha3LG94J0ZRkIWCp8Dfti59GFNxVvhlNBqfpWA53RWRc67kc3d2eVg4sWOWdLA6FD9QjnUBswhG%2FXTxuk2ArZJZdfhwyC6PAD%2F3iHeh2RLdGvf8hP7Y2gLs6s0VjBuDkyE%2BBqMiTNlCVsSCfrOCcLEYcBZnalSzEaWnxLMlvkjkZLcoTaUp59zltwbE3VDYWa7yICJuyla%2Flptj4C%2FnlLAbPB7w0a3N52ohVIoQ8x09JliZP7nFs2mvvS17G6cX%2B6XmYhBGx%2B%2FlPpPKCoOppZaw%3D%3D","environmentVariables":{"FIREBASE_CONFIG":"{\"projectId\":\"rngains-b9c68\",\"storageBucket\":\"rngains-b9c68.appspot.com\"}","GCLOUD_PROJECT":"rngains-b9c68","EVENTARC_CLOUD_EVENT_SOURCE":"projects/rngains-b9c68/locations/us-central1/functions/sendFriendRequestNotification"},"runtime":"nodejs18","buildEnvironmentVariables":{"GOOGLE_NODE_RUN_SCRIPTS":""},"dockerRegistry":"ARTIFACT_REGISTRY"},"versionId":"1","updateTime":"2023-09-15T14:52:27Z","buildId":"82138a81-5d92-49d5-8f13-6f2c3c428bf4","buildName":"projects/245808263508/locations/us-central1/builds/82138a81-5d92-49d5-8f13-6f2c3c428bf4"}}
[debug] [2023-09-15T14:52:54.236Z] [create-default-us-central1-sendFriendRequestNotification] Retrying task index 0
[debug] [2023-09-15T14:52:54.238Z] >>> [apiv2][query] GET https://cloudfunctions.googleapis.com/v1/operations/cm5nYWlucy1iOWM2OC91cy1jZW50cmFsMS9zZW5kRnJpZW5kUmVxdWVzdE5vdGlmaWNhdGlvbi9fSVpwb1gzX1dXMA [none]
[debug] [2023-09-15T14:52:54.471Z] <<< [apiv2][status] GET https://cloudfunctions.googleapis.com/v1/operations/cm5nYWlucy1iOWM2OC91cy1jZW50cmFsMS9zZW5kRnJpZW5kUmVxdWVzdE5vdGlmaWNhdGlvbi9fSVpwb1gzX1dXMA 200
[debug] [2023-09-15T14:52:54.471Z] <<< [apiv2][body] GET https://cloudfunctions.googleapis.com/v1/operations/cm5nYWlucy1iOWM2OC91cy1jZW50cmFsMS9zZW5kRnJpZW5kUmVxdWVzdE5vdGlmaWNhdGlvbi9fSVpwb1gzX1dXMA {"name":"operations/cm5nYWlucy1iOWM2OC91cy1jZW50cmFsMS9zZW5kRnJpZW5kUmVxdWVzdE5vdGlmaWNhdGlvbi9fSVpwb1gzX1dXMA","metadata":{"@type":"type.googleapis.com/google.cloud.functions.v1.OperationMetadataV1","target":"projects/rngains-b9c68/locations/us-central1/functions/sendFriendRequestNotification","type":"CREATE_FUNCTION","request":{"@type":"type.googleapis.com/google.cloud.functions.v1.CloudFunction","name":"projects/rngains-b9c68/locations/us-central1/functions/sendFriendRequestNotification","eventTrigger":{"eventType":"providers/cloud.firestore/eventTypes/document.create","resource":"projects/rngains-b9c68/databases/(default)/documents/users/{userID}/friends/{friendID}"},"entryPoint":"sendFriendRequestNotification","labels":{"deployment-tool":"cli-firebase","firebase-functions-hash":"2b94533a88f769657dee74aebc6132e4c2a25486"},"sourceUploadUrl":"https://storage.googleapis.com/uploads-870798241814.us-central1.cloudfunctions.appspot.com/7b9bd5dd-d0a3-463b-8d71-8048fd496309.zip?GoogleAccessId=service-245808263508@gcf-admin-robot.iam.gserviceaccount.com&Expires=1694791322&Signature=Ju7H%2FSq0o1PLeMExuoXtUpNFX%2Fd7F34mnrtnUIOIBqm7hzU1qeAKBe5zrb%2Fe9gYha3LG94J0ZRkIWCp8Dfti59GFNxVvhlNBqfpWA53RWRc67kc3d2eVg4sWOWdLA6FD9QjnUBswhG%2FXTxuk2ArZJZdfhwyC6PAD%2F3iHeh2RLdGvf8hP7Y2gLs6s0VjBuDkyE%2BBqMiTNlCVsSCfrOCcLEYcBZnalSzEaWnxLMlvkjkZLcoTaUp59zltwbE3VDYWa7yICJuyla%2Flptj4C%2FnlLAbPB7w0a3N52ohVIoQ8x09JliZP7nFs2mvvS17G6cX%2B6XmYhBGx%2B%2FlPpPKCoOppZaw%3D%3D","environmentVariables":{"FIREBASE_CONFIG":"{\"projectId\":\"rngains-b9c68\",\"storageBucket\":\"rngains-b9c68.appspot.com\"}","GCLOUD_PROJECT":"rngains-b9c68","EVENTARC_CLOUD_EVENT_SOURCE":"projects/rngains-b9c68/locations/us-central1/functions/sendFriendRequestNotification"},"runtime":"nodejs18","buildEnvironmentVariables":{"GOOGLE_NODE_RUN_SCRIPTS":""},"dockerRegistry":"ARTIFACT_REGISTRY"},"versionId":"1","updateTime":"2023-09-15T14:52:27Z","buildId":"82138a81-5d92-49d5-8f13-6f2c3c428bf4","buildName":"projects/245808263508/locations/us-central1/builds/82138a81-5d92-49d5-8f13-6f2c3c428bf4"}}
[debug] [2023-09-15T14:53:04.471Z] [create-default-us-central1-sendFriendRequestNotification] Retrying task index 0
[debug] [2023-09-15T14:53:04.472Z] >>> [apiv2][query] GET https://cloudfunctions.googleapis.com/v1/operations/cm5nYWlucy1iOWM2OC91cy1jZW50cmFsMS9zZW5kRnJpZW5kUmVxdWVzdE5vdGlmaWNhdGlvbi9fSVpwb1gzX1dXMA [none]
[debug] [2023-09-15T14:53:04.714Z] <<< [apiv2][status] GET https://cloudfunctions.googleapis.com/v1/operations/cm5nYWlucy1iOWM2OC91cy1jZW50cmFsMS9zZW5kRnJpZW5kUmVxdWVzdE5vdGlmaWNhdGlvbi9fSVpwb1gzX1dXMA 200
[debug] [2023-09-15T14:53:04.715Z] <<< [apiv2][body] GET https://cloudfunctions.googleapis.com/v1/operations/cm5nYWlucy1iOWM2OC91cy1jZW50cmFsMS9zZW5kRnJpZW5kUmVxdWVzdE5vdGlmaWNhdGlvbi9fSVpwb1gzX1dXMA {"name":"operations/cm5nYWlucy1iOWM2OC91cy1jZW50cmFsMS9zZW5kRnJpZW5kUmVxdWVzdE5vdGlmaWNhdGlvbi9fSVpwb1gzX1dXMA","metadata":{"@type":"type.googleapis.com/google.cloud.functions.v1.OperationMetadataV1","target":"projects/rngains-b9c68/locations/us-central1/functions/sendFriendRequestNotification","type":"CREATE_FUNCTION","request":{"@type":"type.googleapis.com/google.cloud.functions.v1.CloudFunction","name":"projects/rngains-b9c68/locations/us-central1/functions/sendFriendRequestNotification","eventTrigger":{"eventType":"providers/cloud.firestore/eventTypes/document.create","resource":"projects/rngains-b9c68/databases/(default)/documents/users/{userID}/friends/{friendID}"},"entryPoint":"sendFriendRequestNotification","labels":{"deployment-tool":"cli-firebase","firebase-functions-hash":"2b94533a88f769657dee74aebc6132e4c2a25486"},"sourceUploadUrl":"https://storage.googleapis.com/uploads-870798241814.us-central1.cloudfunctions.appspot.com/7b9bd5dd-d0a3-463b-8d71-8048fd496309.zip?GoogleAccessId=service-245808263508@gcf-admin-robot.iam.gserviceaccount.com&Expires=1694791322&Signature=Ju7H%2FSq0o1PLeMExuoXtUpNFX%2Fd7F34mnrtnUIOIBqm7hzU1qeAKBe5zrb%2Fe9gYha3LG94J0ZRkIWCp8Dfti59GFNxVvhlNBqfpWA53RWRc67kc3d2eVg4sWOWdLA6FD9QjnUBswhG%2FXTxuk2ArZJZdfhwyC6PAD%2F3iHeh2RLdGvf8hP7Y2gLs6s0VjBuDkyE%2BBqMiTNlCVsSCfrOCcLEYcBZnalSzEaWnxLMlvkjkZLcoTaUp59zltwbE3VDYWa7yICJuyla%2Flptj4C%2FnlLAbPB7w0a3N52ohVIoQ8x09JliZP7nFs2mvvS17G6cX%2B6XmYhBGx%2B%2FlPpPKCoOppZaw%3D%3D","environmentVariables":{"FIREBASE_CONFIG":"{\"projectId\":\"rngains-b9c68\",\"storageBucket\":\"rngains-b9c68.appspot.com\"}","GCLOUD_PROJECT":"rngains-b9c68","EVENTARC_CLOUD_EVENT_SOURCE":"projects/rngains-b9c68/locations/us-central1/functions/sendFriendRequestNotification"},"runtime":"nodejs18","buildEnvironmentVariables":{"GOOGLE_NODE_RUN_SCRIPTS":""},"dockerRegistry":"ARTIFACT_REGISTRY"},"versionId":"1","updateTime":"2023-09-15T14:52:27Z","buildId":"82138a81-5d92-49d5-8f13-6f2c3c428bf4","buildName":"projects/245808263508/locations/us-central1/builds/82138a81-5d92-49d5-8f13-6f2c3c428bf4"}}
[debug] [2023-09-15T14:53:14.717Z] [create-default-us-central1-sendFriendRequestNotification] Retrying task index 0
[debug] [2023-09-15T14:53:14.724Z] >>> [apiv2][query] GET https://cloudfunctions.googleapis.com/v1/operations/cm5nYWlucy1iOWM2OC91cy1jZW50cmFsMS9zZW5kRnJpZW5kUmVxdWVzdE5vdGlmaWNhdGlvbi9fSVpwb1gzX1dXMA [none]
[debug] [2023-09-15T14:53:14.981Z] <<< [apiv2][status] GET https://cloudfunctions.googleapis.com/v1/operations/cm5nYWlucy1iOWM2OC91cy1jZW50cmFsMS9zZW5kRnJpZW5kUmVxdWVzdE5vdGlmaWNhdGlvbi9fSVpwb1gzX1dXMA 200
[debug] [2023-09-15T14:53:14.982Z] <<< [apiv2][body] GET https://cloudfunctions.googleapis.com/v1/operations/cm5nYWlucy1iOWM2OC91cy1jZW50cmFsMS9zZW5kRnJpZW5kUmVxdWVzdE5vdGlmaWNhdGlvbi9fSVpwb1gzX1dXMA {"name":"operations/cm5nYWlucy1iOWM2OC91cy1jZW50cmFsMS9zZW5kRnJpZW5kUmVxdWVzdE5vdGlmaWNhdGlvbi9fSVpwb1gzX1dXMA","metadata":{"@type":"type.googleapis.com/google.cloud.functions.v1.OperationMetadataV1","target":"projects/rngains-b9c68/locations/us-central1/functions/sendFriendRequestNotification","type":"CREATE_FUNCTION","request":{"@type":"type.googleapis.com/google.cloud.functions.v1.CloudFunction","name":"projects/rngains-b9c68/locations/us-central1/functions/sendFriendRequestNotification","eventTrigger":{"eventType":"providers/cloud.firestore/eventTypes/document.create","resource":"projects/rngains-b9c68/databases/(default)/documents/users/{userID}/friends/{friendID}"},"entryPoint":"sendFriendRequestNotification","labels":{"deployment-tool":"cli-firebase","firebase-functions-hash":"2b94533a88f769657dee74aebc6132e4c2a25486"},"sourceUploadUrl":"https://storage.googleapis.com/uploads-870798241814.us-central1.cloudfunctions.appspot.com/7b9bd5dd-d0a3-463b-8d71-8048fd496309.zip?GoogleAccessId=service-245808263508@gcf-admin-robot.iam.gserviceaccount.com&Expires=1694791322&Signature=Ju7H%2FSq0o1PLeMExuoXtUpNFX%2Fd7F34mnrtnUIOIBqm7hzU1qeAKBe5zrb%2Fe9gYha3LG94J0ZRkIWCp8Dfti59GFNxVvhlNBqfpWA53RWRc67kc3d2eVg4sWOWdLA6FD9QjnUBswhG%2FXTxuk2ArZJZdfhwyC6PAD%2F3iHeh2RLdGvf8hP7Y2gLs6s0VjBuDkyE%2BBqMiTNlCVsSCfrOCcLEYcBZnalSzEaWnxLMlvkjkZLcoTaUp59zltwbE3VDYWa7yICJuyla%2Flptj4C%2FnlLAbPB7w0a3N52ohVIoQ8x09JliZP7nFs2mvvS17G6cX%2B6XmYhBGx%2B%2FlPpPKCoOppZaw%3D%3D","environmentVariables":{"FIREBASE_CONFIG":"{\"projectId\":\"rngains-b9c68\",\"storageBucket\":\"rngains-b9c68.appspot.com\"}","GCLOUD_PROJECT":"rngains-b9c68","EVENTARC_CLOUD_EVENT_SOURCE":"projects/rngains-b9c68/locations/us-central1/functions/sendFriendRequestNotification"},"runtime":"nodejs18","buildEnvironmentVariables":{"GOOGLE_NODE_RUN_SCRIPTS":""},"dockerRegistry":"ARTIFACT_REGISTRY"},"versionId":"1","updateTime":"2023-09-15T14:52:27Z","buildId":"82138a81-5d92-49d5-8f13-6f2c3c428bf4","buildName":"projects/245808263508/locations/us-central1/builds/82138a81-5d92-49d5-8f13-6f2c3c428bf4"}}
[debug] [2023-09-15T14:53:24.984Z] [create-default-us-central1-sendFriendRequestNotification] Retrying task index 0
[debug] [2023-09-15T14:53:24.986Z] >>> [apiv2][query] GET https://cloudfunctions.googleapis.com/v1/operations/cm5nYWlucy1iOWM2OC91cy1jZW50cmFsMS9zZW5kRnJpZW5kUmVxdWVzdE5vdGlmaWNhdGlvbi9fSVpwb1gzX1dXMA [none]
[debug] [2023-09-15T14:53:25.211Z] <<< [apiv2][status] GET https://cloudfunctions.googleapis.com/v1/operations/cm5nYWlucy1iOWM2OC91cy1jZW50cmFsMS9zZW5kRnJpZW5kUmVxdWVzdE5vdGlmaWNhdGlvbi9fSVpwb1gzX1dXMA 200
[debug] [2023-09-15T14:53:25.212Z] <<< [apiv2][body] GET https://cloudfunctions.googleapis.com/v1/operations/cm5nYWlucy1iOWM2OC91cy1jZW50cmFsMS9zZW5kRnJpZW5kUmVxdWVzdE5vdGlmaWNhdGlvbi9fSVpwb1gzX1dXMA {"name":"operations/cm5nYWlucy1iOWM2OC91cy1jZW50cmFsMS9zZW5kRnJpZW5kUmVxdWVzdE5vdGlmaWNhdGlvbi9fSVpwb1gzX1dXMA","metadata":{"@type":"type.googleapis.com/google.cloud.functions.v1.OperationMetadataV1","target":"projects/rngains-b9c68/locations/us-central1/functions/sendFriendRequestNotification","type":"CREATE_FUNCTION","request":{"@type":"type.googleapis.com/google.cloud.functions.v1.CloudFunction","name":"projects/rngains-b9c68/locations/us-central1/functions/sendFriendRequestNotification","eventTrigger":{"eventType":"providers/cloud.firestore/eventTypes/document.create","resource":"projects/rngains-b9c68/databases/(default)/documents/users/{userID}/friends/{friendID}"},"entryPoint":"sendFriendRequestNotification","labels":{"deployment-tool":"cli-firebase","firebase-functions-hash":"2b94533a88f769657dee74aebc6132e4c2a25486"},"sourceUploadUrl":"https://storage.googleapis.com/uploads-870798241814.us-central1.cloudfunctions.appspot.com/7b9bd5dd-d0a3-463b-8d71-8048fd496309.zip?GoogleAccessId=service-245808263508@gcf-admin-robot.iam.gserviceaccount.com&Expires=1694791322&Signature=Ju7H%2FSq0o1PLeMExuoXtUpNFX%2Fd7F34mnrtnUIOIBqm7hzU1qeAKBe5zrb%2Fe9gYha3LG94J0ZRkIWCp8Dfti59GFNxVvhlNBqfpWA53RWRc67kc3d2eVg4sWOWdLA6FD9QjnUBswhG%2FXTxuk2ArZJZdfhwyC6PAD%2F3iHeh2RLdGvf8hP7Y2gLs6s0VjBuDkyE%2BBqMiTNlCVsSCfrOCcLEYcBZnalSzEaWnxLMlvkjkZLcoTaUp59zltwbE3VDYWa7yICJuyla%2Flptj4C%2FnlLAbPB7w0a3N52ohVIoQ8x09JliZP7nFs2mvvS17G6cX%2B6XmYhBGx%2B%2FlPpPKCoOppZaw%3D%3D","environmentVariables":{"FIREBASE_CONFIG":"{\"projectId\":\"rngains-b9c68\",\"storageBucket\":\"rngains-b9c68.appspot.com\"}","GCLOUD_PROJECT":"rngains-b9c68","EVENTARC_CLOUD_EVENT_SOURCE":"projects/rngains-b9c68/locations/us-central1/functions/sendFriendRequestNotification"},"runtime":"nodejs18","buildEnvironmentVariables":{"GOOGLE_NODE_RUN_SCRIPTS":""},"dockerRegistry":"ARTIFACT_REGISTRY"},"versionId":"1","updateTime":"2023-09-15T14:53:23Z","buildId":"82138a81-5d92-49d5-8f13-6f2c3c428bf4","buildName":"projects/245808263508/locations/us-central1/builds/82138a81-5d92-49d5-8f13-6f2c3c428bf4"},"done":true,"error":{"code":13,"message":"Build failed: yarn run v1.22.19\nerror Command \"plugin\" not found.\ninfo Visit https://yarnpkg.com/en/docs/cli/run for documentation about this command.; Error ID: e83c667d"}}
[debug] [2023-09-15T14:53:25.212Z] Got source token undefined for region us-central1
[error] Build failed: yarn run v1.22.19
error Command "plugin" not found.
info Visit https://yarnpkg.com/en/docs/cli/run for documentation about this command.; Error ID: e83c667d
[debug] [2023-09-15T14:53:25.225Z] Total Function Deployment time: 59500
[debug] [2023-09-15T14:53:25.225Z] 1 Functions Deployed
[debug] [2023-09-15T14:53:25.225Z] 1 Functions Errored
[debug] [2023-09-15T14:53:25.225Z] 0 Function Deployments Aborted
[debug] [2023-09-15T14:53:25.225Z] Average Function Deployment time: 59498
[info] 
[info] Functions deploy had errors with the following functions:
	sendFriendRequestNotification(us-central1)
[info] i  functions: cleaning up build files... 
[debug] [2023-09-15T14:53:25.287Z] >>> [apiv2][query] DELETE https://artifactregistry.googleapis.com/v1beta2/projects/rngains-b9c68/locations/us-central1/repositories/gcf-artifacts/packages/send_friend_request_notification [none]
[debug] [2023-09-15T14:53:25.287Z] >>> [apiv2][query] GET https://us.gcr.io/v2/rngains-b9c68/gcf/us-central1/tags/list [none]
[debug] [2023-09-15T14:53:25.485Z] <<< [apiv2][status] GET https://us.gcr.io/v2/rngains-b9c68/gcf/us-central1/tags/list 200
[debug] [2023-09-15T14:53:25.486Z] <<< [apiv2][body] GET https://us.gcr.io/v2/rngains-b9c68/gcf/us-central1/tags/list {"child":[],"manifest":{},"name":"rngains-b9c68/gcf/us-central1","tags":[]}
[debug] [2023-09-15T14:53:25.487Z] Could not find image for function projects/rngains-b9c68/locations/us-central1/functions/sendFriendRequestNotification
[debug] [2023-09-15T14:53:26.045Z] <<< [apiv2][status] DELETE https://artifactregistry.googleapis.com/v1beta2/projects/rngains-b9c68/locations/us-central1/repositories/gcf-artifacts/packages/send_friend_request_notification 404
[debug] [2023-09-15T14:53:26.045Z] <<< [apiv2][body] DELETE https://artifactregistry.googleapis.com/v1beta2/projects/rngains-b9c68/locations/us-central1/repositories/gcf-artifacts/packages/send_friend_request_notification {"error":{"code":404,"message":"Package \"projects/rngains-b9c68/locations/us-central1/repositories/gcf-artifacts/packages/send_friend_request_notification\" was not found.","status":"NOT_FOUND"}}
[debug] [2023-09-15T14:53:26.047Z] Functions deploy failed.
[debug] [2023-09-15T14:53:26.047Z] {
  "endpoint": {
    "id": "sendFriendRequestNotification",
    "project": "rngains-b9c68",
    "region": "us-central1",
    "entryPoint": "sendFriendRequestNotification",
    "platform": "gcfv1",
    "runtime": "nodejs18",
    "eventTrigger": {
      "eventType": "providers/cloud.firestore/eventTypes/document.create",
      "retry": false,
      "eventFilters": {
        "resource": "projects/rngains-b9c68/databases/(default)/documents/users/{userID}/friends/{friendID}"
      }
    },
    "labels": {
      "deployment-tool": "cli-firebase"
    },
    "serviceAccount": null,
    "ingressSettings": null,
    "availableMemoryMb": null,
    "timeoutSeconds": null,
    "maxInstances": null,
    "minInstances": null,
    "vpc": null,
    "environmentVariables": {
      "FIREBASE_CONFIG": "{\"projectId\":\"rngains-b9c68\",\"storageBucket\":\"rngains-b9c68.appspot.com\"}",
      "GCLOUD_PROJECT": "rngains-b9c68",
      "EVENTARC_CLOUD_EVENT_SOURCE": "projects/rngains-b9c68/locations/us-central1/functions/sendFriendRequestNotification"
    },
    "codebase": "default",
    "targetedByOnly": false,
    "hash": "2b94533a88f769657dee74aebc6132e4c2a25486"
  },
  "op": "create",
  "original": {
    "name": "FirebaseError",
    "children": [],
    "exit": 1,
    "message": "Build failed: yarn run v1.22.19\nerror Command \"plugin\" not found.\ninfo Visit https://yarnpkg.com/en/docs/cli/run for documentation about this command.; Error ID: e83c667d",
    "status": 13,
    "code": 13
  }
}
[debug] [2023-09-15T14:53:26.107Z] Error: Failed to create function sendFriendRequestNotification in region us-central1
    at /Users/Kian.Popat/.nvm/versions/node/v18.16.0/lib/node_modules/firebase-tools/lib/deploy/functions/release/fabricator.js:51:11
    at process.processTicksAndRejections (node:internal/process/task_queues:95:5)
    at async Fabricator.createV1Function (/Users/Kian.Popat/.nvm/versions/node/v18.16.0/lib/node_modules/firebase-tools/lib/deploy/functions/release/fabricator.js:180:32)
    at async Fabricator.createEndpoint (/Users/Kian.Popat/.nvm/versions/node/v18.16.0/lib/node_modules/firebase-tools/lib/deploy/functions/release/fabricator.js:132:13)
    at async handle (/Users/Kian.Popat/.nvm/versions/node/v18.16.0/lib/node_modules/firebase-tools/lib/deploy/functions/release/fabricator.js:88:17)
[error] 
[error] Error: There was an error deploying functions
